  ProyectoFinal.cpp
D:\Octavo Semestre\Pcs Graficas Lab\Repositorio\418948678_PROYECTO_GPO12\ProyectoFinal\ProyectoFinal\ProyectoFinal.cpp(208,30): warning C4244: 'inicializando': conversión de 'double' a 'GLfloat'; posible pérdida de datos
D:\Octavo Semestre\Pcs Graficas Lab\Repositorio\418948678_PROYECTO_GPO12\ProyectoFinal\ProyectoFinal\ProyectoFinal.cpp(278,20): warning C4244: 'inicializando': conversión de 'double' a 'float'; posible pérdida de datos
D:\Octavo Semestre\Pcs Graficas Lab\Repositorio\418948678_PROYECTO_GPO12\ProyectoFinal\ProyectoFinal\ProyectoFinal.cpp(286,21): warning C4244: 'inicializando': conversión de 'double' a 'float'; posible pérdida de datos
D:\Octavo Semestre\Pcs Graficas Lab\Repositorio\418948678_PROYECTO_GPO12\ProyectoFinal\ProyectoFinal\ProyectoFinal.cpp(294,21): warning C4244: 'inicializando': conversión de 'double' a 'float'; posible pérdida de datos
D:\Octavo Semestre\Pcs Graficas Lab\Repositorio\418948678_PROYECTO_GPO12\ProyectoFinal\ProyectoFinal\ProyectoFinal.cpp(333,76): warning C4244: 'argumento': conversión de 'double' a 'GLfloat'; posible pérdida de datos
D:\Octavo Semestre\Pcs Graficas Lab\Repositorio\418948678_PROYECTO_GPO12\ProyectoFinal\ProyectoFinal\ProyectoFinal.cpp(195,38): warning C4101: 'nrChannels': variable local sin referencia
D:\Octavo Semestre\Pcs Graficas Lab\Repositorio\418948678_PROYECTO_GPO12\ProyectoFinal\ProyectoFinal\ProyectoFinal.cpp(195,9): warning C4101: 'textureWidth': variable local sin referencia
D:\Octavo Semestre\Pcs Graficas Lab\Repositorio\418948678_PROYECTO_GPO12\ProyectoFinal\ProyectoFinal\ProyectoFinal.cpp(197,20): warning C4101: 'image': variable local sin referencia
D:\Octavo Semestre\Pcs Graficas Lab\Repositorio\418948678_PROYECTO_GPO12\ProyectoFinal\ProyectoFinal\ProyectoFinal.cpp(195,23): warning C4101: 'textureHeight': variable local sin referencia
D:\Octavo Semestre\Pcs Graficas Lab\Repositorio\418948678_PROYECTO_GPO12\ProyectoFinal\ProyectoFinal\ProyectoFinal.cpp(444,21): warning C4305: '-=': truncamiento de 'double' a 'float'
D:\Octavo Semestre\Pcs Graficas Lab\Repositorio\418948678_PROYECTO_GPO12\ProyectoFinal\ProyectoFinal\ProyectoFinal.cpp(452,21): warning C4305: '+=': truncamiento de 'double' a 'float'
D:\Octavo Semestre\Pcs Graficas Lab\Repositorio\418948678_PROYECTO_GPO12\ProyectoFinal\ProyectoFinal\ProyectoFinal.cpp(460,21): warning C4305: '+=': truncamiento de 'double' a 'float'
D:\Octavo Semestre\Pcs Graficas Lab\Repositorio\418948678_PROYECTO_GPO12\ProyectoFinal\ProyectoFinal\ProyectoFinal.cpp(468,21): warning C4305: '+=': truncamiento de 'double' a 'float'
D:\Octavo Semestre\Pcs Graficas Lab\Repositorio\418948678_PROYECTO_GPO12\ProyectoFinal\ProyectoFinal\ProyectoFinal.cpp(476,21): warning C4305: '-=': truncamiento de 'double' a 'float'
D:\Octavo Semestre\Pcs Graficas Lab\Repositorio\418948678_PROYECTO_GPO12\ProyectoFinal\ProyectoFinal\ProyectoFinal.cpp(484,21): warning C4305: '-=': truncamiento de 'double' a 'float'
D:\Octavo Semestre\Pcs Graficas Lab\Repositorio\418948678_PROYECTO_GPO12\ProyectoFinal\ProyectoFinal\ProyectoFinal.cpp(492,21): warning C4305: '+=': truncamiento de 'double' a 'float'
D:\Octavo Semestre\Pcs Graficas Lab\Repositorio\418948678_PROYECTO_GPO12\ProyectoFinal\ProyectoFinal\ProyectoFinal.cpp(500,21): warning C4305: '-=': truncamiento de 'double' a 'float'
D:\Octavo Semestre\Pcs Graficas Lab\Repositorio\418948678_PROYECTO_GPO12\ProyectoFinal\ProyectoFinal\ProyectoFinal.cpp(534,17): warning C4244: '=': conversión de 'double' a 'GLfloat'; posible pérdida de datos
D:\Octavo Semestre\Pcs Graficas Lab\Repositorio\418948678_PROYECTO_GPO12\ProyectoFinal\ProyectoFinal\ProyectoFinal.cpp(535,17): warning C4244: '=': conversión de 'double' a 'GLfloat'; posible pérdida de datos
D:\Octavo Semestre\Pcs Graficas Lab\Repositorio\418948678_PROYECTO_GPO12\ProyectoFinal\ProyectoFinal\ProyectoFinal.cpp(539,21): warning C4244: 'inicializando': conversión de 'double' a 'GLfloat'; posible pérdida de datos
D:\Octavo Semestre\Pcs Graficas Lab\Repositorio\418948678_PROYECTO_GPO12\ProyectoFinal\ProyectoFinal\ProyectoFinal.cpp(540,21): warning C4244: 'inicializando': conversión de 'double' a 'GLfloat'; posible pérdida de datos
D:\Octavo Semestre\Pcs Graficas Lab\Repositorio\418948678_PROYECTO_GPO12\ProyectoFinal\ProyectoFinal\ProyectoFinal.cpp(542,13): warning C4244: '=': conversión de 'double' a 'GLfloat'; posible pérdida de datos
D:\Octavo Semestre\Pcs Graficas Lab\Repositorio\418948678_PROYECTO_GPO12\ProyectoFinal\ProyectoFinal\ProyectoFinal.cpp(543,13): warning C4244: '=': conversión de 'double' a 'GLfloat'; posible pérdida de datos
  ProyectoFinal.vcxproj -> D:\Octavo Semestre\Pcs Graficas Lab\Repositorio\418948678_PROYECTO_GPO12\ProyectoFinal\Debug\ProyectoFinal.exe
